#
# There is insufficient memory for the Java Runtime Environment to continue.
# Native memory allocation (mmap) failed to map 268435456 bytes for G1 virtual space
# Possible reasons:
#   The system is out of physical RAM or swap space
#   The process is running with CompressedOops enabled, and the Java Heap may be blocking the growth of the native heap
# Possible solutions:
#   Reduce memory load on the system
#   Increase physical memory or swap space
#   Check if swap backing store is full
#   Decrease Java heap size (-Xmx/-Xms)
#   Decrease number of Java threads
#   Decrease Java thread stack sizes (-Xss)
#   Set larger code cache with -XX:ReservedCodeCacheSize=
#   JVM is running with Zero Based Compressed Oops mode in which the Java heap is
#     placed in the first 32GB address space. The Java Heap base address is the
#     maximum limit for the native heap growth. Please use -XX:HeapBaseMinAddress
#     to set the Java Heap base and to place the Java Heap above 32GB virtual address.
# This output file may be truncated or incomplete.
#
#  Out of Memory Error (os_windows.cpp:3466), pid=30924, tid=33076
#
# JRE version:  (16.0.2+7) (build )
# Java VM: OpenJDK 64-Bit Server VM (16.0.2+7-67, mixed mode, sharing, tiered, compressed oops, compressed class ptrs, g1 gc, windows-amd64)
# No core dump will be written. Minidumps are not enabled by default on client versions of Windows
#

---------------  S U M M A R Y ------------

Command Line: -Dfile.encoding=Cp1252 -XX:+ShowCodeDetailsInExceptionMessages act5f

Host: AMD Ryzen 5 3500 6-Core Processor              , 6 cores, 15G,  Windows 10 , 64 bit Build 19041 (10.0.19041.2251)
Time: Wed Dec 14 17:08:13 2022 Malay Peninsula Standard Time elapsed time: 0.145635 seconds (0d 0h 0m 0s)

---------------  T H R E A D  ---------------

Current thread (0x000001f0e420a4f0):  JavaThread "Unknown thread" [_thread_in_vm, id=33076, stack(0x0000005a7d400000,0x0000005a7d500000)]

Stack: [0x0000005a7d400000,0x0000005a7d500000]
Native frames: (J=compiled Java code, j=interpreted, Vv=VM code, C=native code)
V  [jvm.dll+0x6681ca]
V  [jvm.dll+0x7c9e69]
V  [jvm.dll+0x7cb61e]
V  [jvm.dll+0x7cbc73]
V  [jvm.dll+0x242c55]
V  [jvm.dll+0x664f89]
V  [jvm.dll+0x659b75]
V  [jvm.dll+0x2fbfbb]
V  [jvm.dll+0x3031b6]
V  [jvm.dll+0x35299e]
V  [jvm.dll+0x352bcf]
V  [jvm.dll+0x2d3028]
V  [jvm.dll+0x2d4264]
V  [jvm.dll+0x79c741]
V  [jvm.dll+0x360791]
V  [jvm.dll+0x77a3f0]
V  [jvm.dll+0x3e4e8f]
V  [jvm.dll+0x3e6961]
C  [jli.dll+0x52fb]
C  [ucrtbase.dll+0x21bb2]
C  [KERNEL32.DLL+0x174b4]
C  [ntdll.dll+0x526a1]


---------------  P R O C E S S  ---------------

Threads class SMR info:
_java_thread_list=0x00007fffbbebcbb8, length=0, elements={
}

Java Threads: ( => current thread )

Other Threads:
  0x000001f0e425b190 GCTaskThread "GC Thread#0" [stack: 0x0000005a7d500000,0x0000005a7d600000] [id=27304]
  0x000001f0e426d850 ConcurrentGCThread "G1 Main Marker" [stack: 0x0000005a7d600000,0x0000005a7d700000] [id=33228]
  0x000001f0e426e2c0 ConcurrentGCThread "G1 Conc#0" [stack: 0x0000005a7d700000,0x0000005a7d800000] [id=692]

[error occurred during error reporting (printing all threads), id 0xc0000005, EXCEPTION_ACCESS_VIOLATION (0xc0000005) at pc=0x00007fffbb693ee7]

VM state: not at safepoint (not fully initialized)

VM Mutex/Monitor currently owned by a thread:  ([mutex/lock_event])
[0x000001f0e4206670] Heap_lock - owner thread: 0x000001f0e420a4f0

Heap address: 0x0000000701200000, size: 4078 MB, Compressed Oops mode: Zero based, Oop shift amount: 3

CDS archive(s) mapped at: [0x0000000000000000-0x0000000000000000-0x0000000000000000), size 0, SharedBaseAddress: 0x0000000800000000, ArchiveRelocationMode: 0.
Narrow klass base: 0x0000000000000000, Narrow klass shift: 0, Narrow klass range: 0x0

GC Precious Log:
<Empty>

Heap:
 garbage-first heap   total 0K, used 0K [0x0000000701200000, 0x0000000800000000)
  region size 2048K, 0 young (0K), 0 survivors (0K)

[error occurred during error reporting (printing heap information), id 0xc0000005, EXCEPTION_ACCESS_VIOLATION (0xc0000005) at pc=0x00007fffbba71eed]

GC Heap History (0 events):
No events

Deoptimization events (0 events):
No events

Classes unloaded (0 events):
No events

Classes redefined (0 events):
No events

Internal exceptions (0 events):
No events

Events (1 events):
Event: 0.004 Loaded shared library C:\Users\Kingnetzz\.p2\pool\plugins\org.eclipse.justj.openjdk.hotspot.jre.full.win32.x86_64_16.0.2.v20210721-1149\jre\bin\java.dll


Dynamic libraries:
0x00007ff7a3a50000 - 0x00007ff7a3a5e000 	C:\Users\Kingnetzz\.p2\pool\plugins\org.eclipse.justj.openjdk.hotspot.jre.full.win32.x86_64_16.0.2.v20210721-1149\jre\bin\javaw.exe
0x00007fffff470000 - 0x00007fffff668000 	C:\WINDOWS\SYSTEM32\ntdll.dll
0x00007ffffe320000 - 0x00007ffffe3df000 	C:\WINDOWS\System32\KERNEL32.DLL
0x00007ffffd150000 - 0x00007ffffd422000 	C:\WINDOWS\System32\KERNELBASE.dll
0x00007ffffce70000 - 0x00007ffffcf70000 	C:\WINDOWS\System32\ucrtbase.dll
0x00007fffe2ea0000 - 0x00007fffe2eb8000 	C:\Users\Kingnetzz\.p2\pool\plugins\org.eclipse.justj.openjdk.hotspot.jre.full.win32.x86_64_16.0.2.v20210721-1149\jre\bin\jli.dll
0x00007ffffd4d0000 - 0x00007ffffd66d000 	C:\WINDOWS\System32\USER32.dll
0x00007ffffcf70000 - 0x00007ffffcf92000 	C:\WINDOWS\System32\win32u.dll
0x00007fffff320000 - 0x00007fffff34b000 	C:\WINDOWS\System32\GDI32.dll
0x00007ffffcfa0000 - 0x00007ffffd0af000 	C:\WINDOWS\System32\gdi32full.dll
0x00007ffffd0b0000 - 0x00007ffffd14d000 	C:\WINDOWS\System32\msvcp_win.dll
0x00007fffe2ec0000 - 0x00007fffe2ed9000 	C:\Users\Kingnetzz\.p2\pool\plugins\org.eclipse.justj.openjdk.hotspot.jre.full.win32.x86_64_16.0.2.v20210721-1149\jre\bin\VCRUNTIME140.dll
0x00007fffe9010000 - 0x00007fffe92aa000 	C:\WINDOWS\WinSxS\amd64_microsoft.windows.common-controls_6595b64144ccf1df_6.0.19041.1110_none_60b5254171f9507e\COMCTL32.dll
0x00007ffffd670000 - 0x00007ffffd70e000 	C:\WINDOWS\System32\msvcrt.dll
0x00007ffffe8a0000 - 0x00007ffffe8d2000 	C:\WINDOWS\System32\IMM32.DLL
0x00007ffff8720000 - 0x00007ffff872c000 	C:\Users\Kingnetzz\.p2\pool\plugins\org.eclipse.justj.openjdk.hotspot.jre.full.win32.x86_64_16.0.2.v20210721-1149\jre\bin\vcruntime140_1.dll
0x00007fffc7b20000 - 0x00007fffc7bb1000 	C:\Users\Kingnetzz\.p2\pool\plugins\org.eclipse.justj.openjdk.hotspot.jre.full.win32.x86_64_16.0.2.v20210721-1149\jre\bin\msvcp140.dll
0x00007fffbb3b0000 - 0x00007fffbbf5b000 	C:\Users\Kingnetzz\.p2\pool\plugins\org.eclipse.justj.openjdk.hotspot.jre.full.win32.x86_64_16.0.2.v20210721-1149\jre\bin\server\jvm.dll
0x00007ffffe3e0000 - 0x00007ffffe48e000 	C:\WINDOWS\System32\ADVAPI32.dll
0x00007ffffd8e0000 - 0x00007ffffd97c000 	C:\WINDOWS\System32\sechost.dll
0x00007ffffea10000 - 0x00007ffffeb35000 	C:\WINDOWS\System32\RPCRT4.dll
0x00007ffffe890000 - 0x00007ffffe898000 	C:\WINDOWS\System32\PSAPI.DLL
0x00007ffff2100000 - 0x00007ffff2127000 	C:\WINDOWS\SYSTEM32\WINMM.dll
0x00007fffe0ae0000 - 0x00007fffe0ae9000 	C:\WINDOWS\SYSTEM32\WSOCK32.dll
0x00007ffff54d0000 - 0x00007ffff54da000 	C:\WINDOWS\SYSTEM32\VERSION.dll
0x00007ffffe670000 - 0x00007ffffe6db000 	C:\WINDOWS\System32\WS2_32.dll
0x00007ffffa940000 - 0x00007ffffa952000 	C:\WINDOWS\SYSTEM32\kernel.appcore.dll
0x00007fffed4f0000 - 0x00007fffed4fa000 	C:\Users\Kingnetzz\.p2\pool\plugins\org.eclipse.justj.openjdk.hotspot.jre.full.win32.x86_64_16.0.2.v20210721-1149\jre\bin\jimage.dll
0x00007ffff71a0000 - 0x00007ffff7384000 	C:\WINDOWS\SYSTEM32\DBGHELP.DLL
0x00007fffe8bd0000 - 0x00007fffe8bfc000 	C:\WINDOWS\SYSTEM32\dbgcore.DLL
0x00007ffffd430000 - 0x00007ffffd4b2000 	C:\WINDOWS\System32\bcryptPrimitives.dll
0x00007fffdb290000 - 0x00007fffdb2b5000 	C:\Users\Kingnetzz\.p2\pool\plugins\org.eclipse.justj.openjdk.hotspot.jre.full.win32.x86_64_16.0.2.v20210721-1149\jre\bin\java.dll

dbghelp: loaded successfully - version: 4.0.5 - missing functions: none
symbol engine: initialized successfully - sym options: 0x614 - pdb path: .;C:\Users\Kingnetzz\.p2\pool\plugins\org.eclipse.justj.openjdk.hotspot.jre.full.win32.x86_64_16.0.2.v20210721-1149\jre\bin;C:\WINDOWS\SYSTEM32;C:\WINDOWS\WinSxS\amd64_microsoft.windows.common-controls_6595b64144ccf1df_6.0.19041.1110_none_60b5254171f9507e;C:\Users\Kingnetzz\.p2\pool\plugins\org.eclipse.justj.openjdk.hotspot.jre.full.win32.x86_64_16.0.2.v20210721-1149\jre\bin\server

VM Arguments:
jvm_args: -Dfile.encoding=Cp1252 -XX:+ShowCodeDetailsInExceptionMessages 
java_command: act5f
java_class_path (initial): C:\Users\Kingnetzz\eclipse-workspace\Act5f\bin
Launcher Type: SUN_STANDARD

[Global flags]
     intx CICompilerCount                          = 3                                         {product} {ergonomic}
     uint ConcGCThreads                            = 2                                         {product} {ergonomic}
     uint G1ConcRefinementThreads                  = 6                                         {product} {ergonomic}
   size_t G1HeapRegionSize                         = 2097152                                   {product} {ergonomic}
    uintx GCDrainStackTargetSize                   = 64                                        {product} {ergonomic}
   size_t InitialHeapSize                          = 268435456                                 {product} {ergonomic}
   size_t MarkStackSize                            = 4194304                                   {product} {ergonomic}
   size_t MaxHeapSize                              = 4276092928                                {product} {ergonomic}
   size_t MinHeapDeltaBytes                        = 2097152                                   {product} {ergonomic}
   size_t MinHeapSize                              = 8388608                                   {product} {ergonomic}
    uintx NonNMethodCodeHeapSize                   = 5832780                                {pd product} {ergonomic}
    uintx NonProfiledCodeHeapSize                  = 122912730                              {pd product} {ergonomic}
    uintx ProfiledCodeHeapSize                     = 122912730                              {pd product} {ergonomic}
    uintx ReservedCodeCacheSize                    = 251658240                              {pd product} {ergonomic}
     bool SegmentedCodeCache                       = true                                      {product} {ergonomic}
     bool ShowCodeDetailsInExceptionMessages       = true                                   {manageable} {command line}
   size_t SoftMaxHeapSize                          = 4276092928                             {manageable} {ergonomic}
     bool UseCompressedClassPointers               = true                           {product lp64_product} {ergonomic}
     bool UseCompressedOops                        = true                           {product lp64_product} {ergonomic}
     bool UseG1GC                                  = true                                      {product} {ergonomic}
     bool UseLargePagesIndividualAllocation        = false                                  {pd product} {ergonomic}

Logging:
Log output configuration:
 #0: stdout all=warning uptime,level,tags
 #1: stderr all=off uptime,level,tags

Environment Variables:
PATH=C:/Users/Kingnetzz/.p2/pool/plugins/org.eclipse.justj.openjdk.hotspot.jre.full.win32.x86_64_16.0.2.v20210721-1149/jre/bin/server;C:/Users/Kingnetzz/.p2/pool/plugins/org.eclipse.justj.openjdk.hotspot.jre.full.win32.x86_64_16.0.2.v20210721-1149/jre/bin;C:\Program Files\Python311\Scripts\;C:\Program Files\Python311\;C:\Program Files\Common Files\Oracle\Java\javapath;C:\Program Files (x86)\Common Files\Oracle\Java\javapath;C:\Python310\Scripts\;C:\Python310\;C:\WINDOWS\system32;C:\WINDOWS;C:\WINDOWS\System32\Wbem;C:\WINDOWS\System32\WindowsPowerShell\v1.0\;C:\WINDOWS\System32\OpenSSH\;C:\Program Files (x86)\Windows Kits\8.1\Windows Performance Toolkit\;C:\Program Files\nodejs\;C:\ProgramData\chocolatey\bin;C:\Program Files\dotnet\;C:\Program Files (x86)\Java\jre1.8.0_333\bin;C:\Program Files\CMake\bin;C:\opencv\build\x64\vc15\bin;C:\opencv\build\x64\vc15\lib;C:\mingw64\bin;C:\opencv\build\include\opencv2;C:\opencv\build\include\opencv2\core;C:\xampp\php;C:\composer;C:\Program Files\Git\cmd;C:\Program Files (x86)\Java\jre1.8.0_333\bin;C:\Users\Kingnetzz\AppData\Local\Programs\Microsoft VS Code\bin;C:\Users\Kingnetzz\AppData\Roaming\npm\node_modules\yarn\bin;C:\Users\Kingnetzz\AppData\Roaming\Composer\vendor\bin;C:\WINDOWS\system32;
USERNAME=Raiden Ei
OS=Windows_NT
PROCESSOR_IDENTIFIER=AMD64 Family 23 Model 113 Stepping 0, AuthenticAMD



---------------  S Y S T E M  ---------------

OS:
 Windows 10 , 64 bit Build 19041 (10.0.19041.2251)
OS uptime: 0 days 8:29 hours

CPU: total 6 (initial active 6) (6 cores per cpu, 1 threads per core) family 23 model 113 stepping 0 microcode 0x0, cx8, cmov, fxsr, mmx, 3dnowpref, sse, sse2, sse3, ssse3, sse4a, sse4.1, sse4.2, popcnt, lzcnt, tsc, tscinvbit, avx, avx2, aes, clmul, bmi1, bmi2, adx, sha, fma, vzeroupper, clflush, clflushopt

Memory: 4k page, system-wide physical 16309M (2611M free)
TotalPageFile size 65461M (AvailPageFile size 35M)
current process WorkingSet (physical memory assigned to process): 10M, peak: 10M
current process commit charge ("private bytes"): 55M, peak: 311M

vm_info: OpenJDK 64-Bit Server VM (16.0.2+7-67) for windows-amd64 JRE (16.0.2+7-67), built on Jun  8 2021 23:21:43 by "mach5one" with MS VC++ 16.7 (VS2019)

END.
